<?xml version="1.0" encoding="UTF-8"?>
<testng-results ignored="0" total="1" passed="1" failed="0" skipped="0">
  <reporter-output>
  </reporter-output>
  <suite started-at="2024-10-30T12:15:33 IST" name="Default suite" finished-at="2024-10-30T12:16:16 IST" duration-ms="43365">
    <groups>
    </groups>
    <test started-at="2024-10-30T12:15:33 IST" name="Default test" finished-at="2024-10-30T12:16:16 IST" duration-ms="43365">
      <class name="Project24.shine">
        <test-method is-config="true" signature="setup()[pri:0, instance:Project24.shine@72035809]" started-at="2024-10-30T12:15:33 IST" name="setup" finished-at="2024-10-30T12:15:37 IST" duration-ms="3519" status="PASS">
          <reporter-output>
          </reporter-output>
        </test-method> <!-- setup -->
        <test-method is-config="true" signature="urlloading()[pri:0, instance:Project24.shine@72035809]" started-at="2024-10-30T12:15:37 IST" name="urlloading" finished-at="2024-10-30T12:15:42 IST" duration-ms="5059" status="PASS">
          <reporter-output>
          </reporter-output>
        </test-method> <!-- urlloading -->
        <test-method signature="test1()[pri:0, instance:Project24.shine@72035809]" started-at="2024-10-30T12:15:42 IST" name="test1" finished-at="2024-10-30T12:16:16 IST" duration-ms="34701" status="PASS">
          <reporter-output>
          </reporter-output>
        </test-method> <!-- test1 -->
      </class> <!-- Project24.shine -->
    </test> <!-- Default test -->
  </suite> <!-- Default suite -->
</testng-results>
